2020-03-04 09:35:32,075 [1] DEBUG WebApiApplication - WebApiApplication Application_Started
2020-03-04 09:52:46,630 [1] DEBUG WebApiApplication - WebApiApplication Application_Started
2020-03-04 10:59:05,871 [1] DEBUG WebApiApplication - WebApiApplication Application_Started
2020-03-04 11:48:39,342 [1] DEBUG WebApiApplication - WebApiApplication Application_Started
2020-03-04 11:56:24,390 [7] DEBUG WebApiApplication - SqlDump Info:select count(1) from (SELECT Process, Description, ProcessType, Status, TFS, ProdLineType, Equipment, CompTrace, ChangedOn, ChangedBy, Remarks
FROM T_ProductProcess where 1=1  and ProcessType='ATE' and Status='ACTIVE') as t
2020-03-04 11:56:24,418 [7] DEBUG WebApiApplication - SqlDump Info:SELECT Process, Description, ProcessType, Status, TFS, ProdLineType, Equipment, CompTrace, ChangedOn, ChangedBy, Remarks
FROM T_ProductProcess where 1=1  and ProcessType='ATE' and Status='ACTIVE'
2020-03-04 11:56:52,597 [7] DEBUG ADONetAppender - eTrace.Common.Log.LogHelper+SQLLOGModel
2020-03-04 11:57:53,237 [8] DEBUG WebApiApplication - SqlDump Info:SELECT   dest.WIPID, 
                                                    dest.IntSN, 
                                                    dest.Model, 
                                                    dest.PCBA, 
                                                    dest.DJ, 
                                                    dest.InvOrg, 
                                                    dest.ProdLine, 
                                                    dest.CurrentProcess, 
                                                    dest.Result, 
                                                    dest.AllPassed, 
							                        dest.MotherBoardSN, 
                                                    dest.JobID, 
                                                    dest.PanelID, 
                                                    dest.TopBottom, 
                                                    dest.ChangedOn, 
                                                    dest.ChangedBy,
                                                    dest.TVA, 
                                                    (case when ISNULL(sour.IntSN,'''') <> '''' THEN sour.PCBA else '''' end) AS MBPCBA, 
                                                    sour.IntSN AS MBIntSN, 
                                                    Isnull(heatsink.JobID, '''') as LoadedTo
							                FROM         T_WIPHeader AS dest WITH (nolock) LEFT OUTER JOIN
							                        T_WIPHeader AS sour WITH(NOLOCK) ON dest.MotherBoardSN = sour.WIPID
							                        LEFT OUTER JOIN T_SFSABatchInput AS heatsink WITH (nolock) ON 
                                            dest.WIPID = heatsink.ChildSAWIPID AND heatsink.Status = 1  where 1=1 AND dest.InvOrg = '680'  ORDER BY  ChangedOn ASC
                      OFFSET 0 ROWS
                FETCH NEXT 20 ROWS ONLY 
2020-03-04 11:57:53,912 [8] DEBUG WebApiApplication - SqlDump Info:select count(1) from (SELECT   dest.WIPID, 
                                                    dest.IntSN, 
                                                    dest.Model, 
                                                    dest.PCBA, 
                                                    dest.DJ, 
                                                    dest.InvOrg, 
                                                    dest.ProdLine, 
                                                    dest.CurrentProcess, 
                                                    dest.Result, 
                                                    dest.AllPassed, 
							                        dest.MotherBoardSN, 
                                                    dest.JobID, 
                                                    dest.PanelID, 
                                                    dest.TopBottom, 
                                                    dest.ChangedOn, 
                                                    dest.ChangedBy,
                                                    dest.TVA, 
                                                    (case when ISNULL(sour.IntSN,'''') <> '''' THEN sour.PCBA else '''' end) AS MBPCBA, 
                                                    sour.IntSN AS MBIntSN, 
                                                    Isnull(heatsink.JobID, '''') as LoadedTo
							                FROM         T_WIPHeader AS dest WITH (nolock) LEFT OUTER JOIN
							                        T_WIPHeader AS sour WITH(NOLOCK) ON dest.MotherBoardSN = sour.WIPID
							                        LEFT OUTER JOIN T_SFSABatchInput AS heatsink WITH (nolock) ON 
                                            dest.WIPID = heatsink.ChildSAWIPID AND heatsink.Status = 1  where 1=1 AND dest.InvOrg = '680' ) as t
2020-03-04 11:57:55,959 [8] DEBUG ADONetAppender - eTrace.Common.Log.LogHelper+SQLLOGModel
2020-03-04 11:59:01,133 [1] DEBUG WebApiApplication - WebApiApplication Application_Started
2020-03-04 12:00:55,880 [11] DEBUG WebApiApplication - SqlDump Info:SELECT   dest.WIPID, 
                                                    dest.IntSN, 
                                                    dest.Model, 
                                                    dest.PCBA, 
                                                    dest.DJ, 
                                                    dest.InvOrg, 
                                                    dest.ProdLine, 
                                                    dest.CurrentProcess, 
                                                    dest.Result, 
                                                    dest.AllPassed, 
							                        dest.MotherBoardSN, 
                                                    dest.JobID, 
                                                    dest.PanelID, 
                                                    dest.TopBottom, 
                                                    dest.ChangedOn, 
                                                    dest.ChangedBy,
                                                    dest.TVA, 
                                                    (case when ISNULL(sour.IntSN,'''') <> '''' THEN sour.PCBA else '''' end) AS MBPCBA, 
                                                    sour.IntSN AS MBIntSN, 
                                                    Isnull(heatsink.JobID, '''') as LoadedTo
							                FROM         T_WIPHeader AS dest WITH (nolock) LEFT OUTER JOIN
							                        T_WIPHeader AS sour WITH(NOLOCK) ON dest.MotherBoardSN = sour.WIPID
							                        LEFT OUTER JOIN T_SFSABatchInput AS heatsink WITH (nolock) ON 
                                            dest.WIPID = heatsink.ChildSAWIPID AND heatsink.Status = 1  where 1=1 AND dest.InvOrg = '680'  ORDER BY  ChangedOn ASC
                      OFFSET 0 ROWS
                FETCH NEXT 20 ROWS ONLY 
2020-03-04 12:00:56,650 [11] DEBUG WebApiApplication - SqlDump Info:select count(1) from (SELECT   dest.WIPID, 
                                                    dest.IntSN, 
                                                    dest.Model, 
                                                    dest.PCBA, 
                                                    dest.DJ, 
                                                    dest.InvOrg, 
                                                    dest.ProdLine, 
                                                    dest.CurrentProcess, 
                                                    dest.Result, 
                                                    dest.AllPassed, 
							                        dest.MotherBoardSN, 
                                                    dest.JobID, 
                                                    dest.PanelID, 
                                                    dest.TopBottom, 
                                                    dest.ChangedOn, 
                                                    dest.ChangedBy,
                                                    dest.TVA, 
                                                    (case when ISNULL(sour.IntSN,'''') <> '''' THEN sour.PCBA else '''' end) AS MBPCBA, 
                                                    sour.IntSN AS MBIntSN, 
                                                    Isnull(heatsink.JobID, '''') as LoadedTo
							                FROM         T_WIPHeader AS dest WITH (nolock) LEFT OUTER JOIN
							                        T_WIPHeader AS sour WITH(NOLOCK) ON dest.MotherBoardSN = sour.WIPID
							                        LEFT OUTER JOIN T_SFSABatchInput AS heatsink WITH (nolock) ON 
                                            dest.WIPID = heatsink.ChildSAWIPID AND heatsink.Status = 1  where 1=1 AND dest.InvOrg = '680' ) as t
2020-03-04 12:00:59,353 [11] DEBUG ADONetAppender - eTrace.Common.Log.LogHelper+SQLLOGModel
2020-03-04 12:02:47,774 [22] DEBUG WebApiApplication - SqlDump Info:SELECT   dest.WIPID, 
                                                    dest.IntSN, 
                                                    dest.Model, 
                                                    dest.PCBA, 
                                                    dest.DJ, 
                                                    dest.InvOrg, 
                                                    dest.ProdLine, 
                                                    dest.CurrentProcess, 
                                                    dest.Result, 
                                                    dest.AllPassed, 
							                        dest.MotherBoardSN, 
                                                    dest.JobID, 
                                                    dest.PanelID, 
                                                    dest.TopBottom, 
                                                    dest.ChangedOn, 
                                                    dest.ChangedBy,
                                                    dest.TVA, 
                                                    (case when ISNULL(sour.IntSN,'''') <> '''' THEN sour.PCBA else '''' end) AS MBPCBA, 
                                                    sour.IntSN AS MBIntSN, 
                                                    Isnull(heatsink.JobID, '''') as LoadedTo
							                FROM         T_WIPHeader AS dest WITH (nolock) LEFT OUTER JOIN
							                        T_WIPHeader AS sour WITH(NOLOCK) ON dest.MotherBoardSN = sour.WIPID
							                        LEFT OUTER JOIN T_SFSABatchInput AS heatsink WITH (nolock) ON 
                                            dest.WIPID = heatsink.ChildSAWIPID AND heatsink.Status = 1  where 1=1 AND dest.InvOrg = '680'  ORDER BY  ChangedOn ASC
                      OFFSET 0 ROWS
                FETCH NEXT 20 ROWS ONLY 
2020-03-04 12:02:48,517 [22] DEBUG WebApiApplication - SqlDump Info:select count(1) from (SELECT   dest.WIPID, 
                                                    dest.IntSN, 
                                                    dest.Model, 
                                                    dest.PCBA, 
                                                    dest.DJ, 
                                                    dest.InvOrg, 
                                                    dest.ProdLine, 
                                                    dest.CurrentProcess, 
                                                    dest.Result, 
                                                    dest.AllPassed, 
							                        dest.MotherBoardSN, 
                                                    dest.JobID, 
                                                    dest.PanelID, 
                                                    dest.TopBottom, 
                                                    dest.ChangedOn, 
                                                    dest.ChangedBy,
                                                    dest.TVA, 
                                                    (case when ISNULL(sour.IntSN,'''') <> '''' THEN sour.PCBA else '''' end) AS MBPCBA, 
                                                    sour.IntSN AS MBIntSN, 
                                                    Isnull(heatsink.JobID, '''') as LoadedTo
							                FROM         T_WIPHeader AS dest WITH (nolock) LEFT OUTER JOIN
							                        T_WIPHeader AS sour WITH(NOLOCK) ON dest.MotherBoardSN = sour.WIPID
							                        LEFT OUTER JOIN T_SFSABatchInput AS heatsink WITH (nolock) ON 
                                            dest.WIPID = heatsink.ChildSAWIPID AND heatsink.Status = 1  where 1=1 AND dest.InvOrg = '680' ) as t
2020-03-04 12:02:52,671 [22] DEBUG ADONetAppender - eTrace.Common.Log.LogHelper+SQLLOGModel
2020-03-04 14:06:43,180 [228] DEBUG WebApiApplication - SqlDump Info:insert into [T_ReportFeedback] (SentOn ,IP,HostName ,[Like] ,Convenient ,Performance ,Comment ,BackToOldVersion ) 
                                                        values('3/4/2020 2:06:43 PM', '127.0.0.1', 'CNAPGZHOL152438.ecp.priv',null,'True',null,N'','True' )
2020-03-04 14:06:43,209 [228] DEBUG ADONetAppender - eTrace.Common.Log.LogHelper+SQLLOGModel
2020-03-04 14:09:04,206 [233] DEBUG WebApiApplication - SqlDump Info:insert into [T_ReportFeedback] (SentOn ,IP,HostName ,[Like] ,Convenient ,Performance ,Comment ,BackToOldVersion ) 
                                                        values('3/4/2020 2:09:04 PM', '127.0.0.1', 'CNAPGZHOL152438.ecp.priv',null,'False',null,N'','True' )
2020-03-04 14:09:04,220 [233] DEBUG ADONetAppender - eTrace.Common.Log.LogHelper+SQLLOGModel
2020-03-04 15:02:22,462 [1] DEBUG WebApiApplication - WebApiApplication Application_Started
2020-03-04 15:02:50,443 [6] DEBUG WebApiApplication - SqlDump Info:SELECT   dest.WIPID, 
                                                    dest.IntSN, 
                                                    dest.Model, 
                                                    dest.PCBA, 
                                                    dest.DJ, 
                                                    dest.InvOrg, 
                                                    dest.ProdLine, 
                                                    dest.CurrentProcess, 
                                                    dest.Result, 
                                                    dest.AllPassed, 
							                        dest.MotherBoardSN, 
                                                    dest.JobID, 
                                                    dest.PanelID, 
                                                    dest.TopBottom, 
                                                    dest.ChangedOn, 
                                                    dest.ChangedBy,
                                                    dest.TVA, 
                                                    (case when ISNULL(sour.IntSN,'''') <> '''' THEN sour.PCBA else '''' end) AS MBPCBA, 
                                                    sour.IntSN AS MBIntSN, 
                                                    Isnull(heatsink.JobID, '''') as LoadedTo
							                FROM         T_WIPHeader AS dest WITH (nolock) LEFT OUTER JOIN
							                        T_WIPHeader AS sour WITH(NOLOCK) ON dest.MotherBoardSN = sour.WIPID
							                        LEFT OUTER JOIN T_SFSABatchInput AS heatsink WITH (nolock) ON 
                                            dest.WIPID = heatsink.ChildSAWIPID AND heatsink.Status = 1  where 1=1 AND dest.InvOrg = '680'  ORDER BY  ChangedOn ASC
                      OFFSET 0 ROWS
                FETCH NEXT 20 ROWS ONLY 
2020-03-04 15:02:51,238 [6] DEBUG WebApiApplication - SqlDump Info:select count(1) from (SELECT   dest.WIPID, 
                                                    dest.IntSN, 
                                                    dest.Model, 
                                                    dest.PCBA, 
                                                    dest.DJ, 
                                                    dest.InvOrg, 
                                                    dest.ProdLine, 
                                                    dest.CurrentProcess, 
                                                    dest.Result, 
                                                    dest.AllPassed, 
							                        dest.MotherBoardSN, 
                                                    dest.JobID, 
                                                    dest.PanelID, 
                                                    dest.TopBottom, 
                                                    dest.ChangedOn, 
                                                    dest.ChangedBy,
                                                    dest.TVA, 
                                                    (case when ISNULL(sour.IntSN,'''') <> '''' THEN sour.PCBA else '''' end) AS MBPCBA, 
                                                    sour.IntSN AS MBIntSN, 
                                                    Isnull(heatsink.JobID, '''') as LoadedTo
							                FROM         T_WIPHeader AS dest WITH (nolock) LEFT OUTER JOIN
							                        T_WIPHeader AS sour WITH(NOLOCK) ON dest.MotherBoardSN = sour.WIPID
							                        LEFT OUTER JOIN T_SFSABatchInput AS heatsink WITH (nolock) ON 
                                            dest.WIPID = heatsink.ChildSAWIPID AND heatsink.Status = 1  where 1=1 AND dest.InvOrg = '680' ) as t
2020-03-04 15:02:51,522 [6] DEBUG ADONetAppender - eTrace.Common.Log.LogHelper+SQLLOGModel
2020-03-04 15:03:54,374 [10] DEBUG WebApiApplication - SqlDump Info:select count(1) from (SELECT Process, Description, ProcessType, Status, TFS, ProdLineType, Equipment, CompTrace, ChangedOn, ChangedBy, Remarks
FROM T_ProductProcess where 1=1  and ProcessType='ATE' and Status='ACTIVE') as t
2020-03-04 15:03:54,378 [10] DEBUG WebApiApplication - SqlDump Info:SELECT Process, Description, ProcessType, Status, TFS, ProdLineType, Equipment, CompTrace, ChangedOn, ChangedBy, Remarks
FROM T_ProductProcess where 1=1  and ProcessType='ATE' and Status='ACTIVE'
2020-03-04 15:03:54,407 [10] DEBUG ADONetAppender - eTrace.Common.Log.LogHelper+SQLLOGModel
2020-03-04 15:04:00,232 [8] DEBUG WebApiApplication - SqlDump Info:SELECT   dest.WIPID, 
                                                    dest.IntSN, 
                                                    dest.Model, 
                                                    dest.PCBA, 
                                                    dest.DJ, 
                                                    dest.InvOrg, 
                                                    dest.ProdLine, 
                                                    dest.CurrentProcess, 
                                                    dest.Result, 
                                                    dest.AllPassed, 
							                        dest.MotherBoardSN, 
                                                    dest.JobID, 
                                                    dest.PanelID, 
                                                    dest.TopBottom, 
                                                    dest.ChangedOn, 
                                                    dest.ChangedBy,
                                                    dest.TVA, 
                                                    (case when ISNULL(sour.IntSN,'''') <> '''' THEN sour.PCBA else '''' end) AS MBPCBA, 
                                                    sour.IntSN AS MBIntSN, 
                                                    Isnull(heatsink.JobID, '''') as LoadedTo
							                FROM         T_WIPHeader AS dest WITH (nolock) LEFT OUTER JOIN
							                        T_WIPHeader AS sour WITH(NOLOCK) ON dest.MotherBoardSN = sour.WIPID
							                        LEFT OUTER JOIN T_SFSABatchInput AS heatsink WITH (nolock) ON 
                                            dest.WIPID = heatsink.ChildSAWIPID AND heatsink.Status = 1  where 1=1 AND dest.InvOrg = '680'  ORDER BY  ChangedOn ASC
                      OFFSET 0 ROWS
                FETCH NEXT 20 ROWS ONLY 
2020-03-04 15:04:00,914 [8] DEBUG WebApiApplication - SqlDump Info:select count(1) from (SELECT   dest.WIPID, 
                                                    dest.IntSN, 
                                                    dest.Model, 
                                                    dest.PCBA, 
                                                    dest.DJ, 
                                                    dest.InvOrg, 
                                                    dest.ProdLine, 
                                                    dest.CurrentProcess, 
                                                    dest.Result, 
                                                    dest.AllPassed, 
							                        dest.MotherBoardSN, 
                                                    dest.JobID, 
                                                    dest.PanelID, 
                                                    dest.TopBottom, 
                                                    dest.ChangedOn, 
                                                    dest.ChangedBy,
                                                    dest.TVA, 
                                                    (case when ISNULL(sour.IntSN,'''') <> '''' THEN sour.PCBA else '''' end) AS MBPCBA, 
                                                    sour.IntSN AS MBIntSN, 
                                                    Isnull(heatsink.JobID, '''') as LoadedTo
							                FROM         T_WIPHeader AS dest WITH (nolock) LEFT OUTER JOIN
							                        T_WIPHeader AS sour WITH(NOLOCK) ON dest.MotherBoardSN = sour.WIPID
							                        LEFT OUTER JOIN T_SFSABatchInput AS heatsink WITH (nolock) ON 
                                            dest.WIPID = heatsink.ChildSAWIPID AND heatsink.Status = 1  where 1=1 AND dest.InvOrg = '680' ) as t
2020-03-04 15:04:01,129 [8] DEBUG ADONetAppender - eTrace.Common.Log.LogHelper+SQLLOGModel
2020-03-04 15:04:45,802 [8] DEBUG WebApiApplication - SqlDump Info:SELECT   dest.WIPID, 
                                                    dest.IntSN, 
                                                    dest.Model, 
                                                    dest.PCBA, 
                                                    dest.DJ, 
                                                    dest.InvOrg, 
                                                    dest.ProdLine, 
                                                    dest.CurrentProcess, 
                                                    dest.Result, 
                                                    dest.AllPassed, 
							                        dest.MotherBoardSN, 
                                                    dest.JobID, 
                                                    dest.PanelID, 
                                                    dest.TopBottom, 
                                                    dest.ChangedOn, 
                                                    dest.ChangedBy,
                                                    dest.TVA, 
                                                    (case when ISNULL(sour.IntSN,'''') <> '''' THEN sour.PCBA else '''' end) AS MBPCBA, 
                                                    sour.IntSN AS MBIntSN, 
                                                    Isnull(heatsink.JobID, '''') as LoadedTo
							                FROM         T_WIPHeader AS dest WITH (nolock) LEFT OUTER JOIN
							                        T_WIPHeader AS sour WITH(NOLOCK) ON dest.MotherBoardSN = sour.WIPID
							                        LEFT OUTER JOIN T_SFSABatchInput AS heatsink WITH (nolock) ON 
                                            dest.WIPID = heatsink.ChildSAWIPID AND heatsink.Status = 1  where 1=1 AND dest.InvOrg = '680'  ORDER BY  ChangedOn ASC
                      OFFSET 0 ROWS
                FETCH NEXT 20 ROWS ONLY 
2020-03-04 15:04:46,490 [8] DEBUG WebApiApplication - SqlDump Info:select count(1) from (SELECT   dest.WIPID, 
                                                    dest.IntSN, 
                                                    dest.Model, 
                                                    dest.PCBA, 
                                                    dest.DJ, 
                                                    dest.InvOrg, 
                                                    dest.ProdLine, 
                                                    dest.CurrentProcess, 
                                                    dest.Result, 
                                                    dest.AllPassed, 
							                        dest.MotherBoardSN, 
                                                    dest.JobID, 
                                                    dest.PanelID, 
                                                    dest.TopBottom, 
                                                    dest.ChangedOn, 
                                                    dest.ChangedBy,
                                                    dest.TVA, 
                                                    (case when ISNULL(sour.IntSN,'''') <> '''' THEN sour.PCBA else '''' end) AS MBPCBA, 
                                                    sour.IntSN AS MBIntSN, 
                                                    Isnull(heatsink.JobID, '''') as LoadedTo
							                FROM         T_WIPHeader AS dest WITH (nolock) LEFT OUTER JOIN
							                        T_WIPHeader AS sour WITH(NOLOCK) ON dest.MotherBoardSN = sour.WIPID
							                        LEFT OUTER JOIN T_SFSABatchInput AS heatsink WITH (nolock) ON 
                                            dest.WIPID = heatsink.ChildSAWIPID AND heatsink.Status = 1  where 1=1 AND dest.InvOrg = '680' ) as t
2020-03-04 15:04:46,775 [8] DEBUG ADONetAppender - eTrace.Common.Log.LogHelper+SQLLOGModel
2020-03-04 15:05:53,412 [6] DEBUG WebApiApplication - SqlDump Info:SELECT   dest.WIPID, 
                                                    dest.IntSN, 
                                                    dest.Model, 
                                                    dest.PCBA, 
                                                    dest.DJ, 
                                                    dest.InvOrg, 
                                                    dest.ProdLine, 
                                                    dest.CurrentProcess, 
                                                    dest.Result, 
                                                    dest.AllPassed, 
							                        dest.MotherBoardSN, 
                                                    dest.JobID, 
                                                    dest.PanelID, 
                                                    dest.TopBottom, 
                                                    dest.ChangedOn, 
                                                    dest.ChangedBy,
                                                    dest.TVA, 
                                                    (case when ISNULL(sour.IntSN,'''') <> '''' THEN sour.PCBA else '''' end) AS MBPCBA, 
                                                    sour.IntSN AS MBIntSN, 
                                                    Isnull(heatsink.JobID, '''') as LoadedTo
							                FROM         T_WIPHeader AS dest WITH (nolock) LEFT OUTER JOIN
							                        T_WIPHeader AS sour WITH(NOLOCK) ON dest.MotherBoardSN = sour.WIPID
							                        LEFT OUTER JOIN T_SFSABatchInput AS heatsink WITH (nolock) ON 
                                            dest.WIPID = heatsink.ChildSAWIPID AND heatsink.Status = 1  where 1=1 AND dest.InvOrg = '680'  ORDER BY  ChangedOn ASC
                      OFFSET 0 ROWS
                FETCH NEXT 20 ROWS ONLY 
2020-03-04 15:05:54,111 [6] DEBUG WebApiApplication - SqlDump Info:select count(1) from (SELECT   dest.WIPID, 
                                                    dest.IntSN, 
                                                    dest.Model, 
                                                    dest.PCBA, 
                                                    dest.DJ, 
                                                    dest.InvOrg, 
                                                    dest.ProdLine, 
                                                    dest.CurrentProcess, 
                                                    dest.Result, 
                                                    dest.AllPassed, 
							                        dest.MotherBoardSN, 
                                                    dest.JobID, 
                                                    dest.PanelID, 
                                                    dest.TopBottom, 
                                                    dest.ChangedOn, 
                                                    dest.ChangedBy,
                                                    dest.TVA, 
                                                    (case when ISNULL(sour.IntSN,'''') <> '''' THEN sour.PCBA else '''' end) AS MBPCBA, 
                                                    sour.IntSN AS MBIntSN, 
                                                    Isnull(heatsink.JobID, '''') as LoadedTo
							                FROM         T_WIPHeader AS dest WITH (nolock) LEFT OUTER JOIN
							                        T_WIPHeader AS sour WITH(NOLOCK) ON dest.MotherBoardSN = sour.WIPID
							                        LEFT OUTER JOIN T_SFSABatchInput AS heatsink WITH (nolock) ON 
                                            dest.WIPID = heatsink.ChildSAWIPID AND heatsink.Status = 1  where 1=1 AND dest.InvOrg = '680' ) as t
2020-03-04 15:05:54,320 [6] DEBUG ADONetAppender - eTrace.Common.Log.LogHelper+SQLLOGModel
